<?xml version="1.0" encoding="UTF-8"?>
<!-- Generated by org.testng.reporters.JUnitReportReporter -->
<testsuite hostname="DESKTOP-MEO8RC5" failures="0" tests="2" name="com.impactp2p.testcases.CrossBrowserTest" time="6.199" errors="0" timestamp="2021-11-26T17:10:52 IST" skipped="0">
  <testcase classname="com.impactp2p.testcases.CrossBrowserTest" name="login" time="2.362"/>
  <system-out/>
  <testcase classname="com.impactp2p.testcases.CrossBrowserTest" name="login" time="3.837"/>
  <system-out/>
</testsuite> <!-- com.impactp2p.testcases.CrossBrowserTest -->
